[2022-06-10 14:41:52Z INFO HostContext] No proxy settings were found based on environmental variables (http_proxy/https_proxy/HTTP_PROXY/HTTPS_PROXY)
[2022-06-10 14:41:52Z INFO HostContext] Well known directory 'Bin': 'C:\WS\gitlab\basic-angular\actions-runner\bin'
[2022-06-10 14:41:52Z INFO HostContext] Well known directory 'Root': 'C:\WS\gitlab\basic-angular\actions-runner'
[2022-06-10 14:41:52Z INFO HostContext] Well known config file 'Credentials': 'C:\WS\gitlab\basic-angular\actions-runner\.credentials'
[2022-06-10 14:41:52Z INFO HostContext] Well known directory 'Bin': 'C:\WS\gitlab\basic-angular\actions-runner\bin'
[2022-06-10 14:41:52Z INFO HostContext] Well known directory 'Root': 'C:\WS\gitlab\basic-angular\actions-runner'
[2022-06-10 14:41:52Z INFO HostContext] Well known config file 'Runner': 'C:\WS\gitlab\basic-angular\actions-runner\.runner'
[2022-06-10 14:41:52Z INFO Listener] Runner is built for Windows (X64) - win-x64.
[2022-06-10 14:41:52Z INFO Listener] RuntimeInformation: Microsoft Windows 10.0.19044.
[2022-06-10 14:41:52Z INFO Listener] Version: 2.292.0
[2022-06-10 14:41:52Z INFO Listener] Commit: d4b794dd645e16990ae0530bf977e26ab24be9d9
[2022-06-10 14:41:52Z INFO Listener] Culture: he-IL
[2022-06-10 14:41:52Z INFO Listener] UI Culture: he-IL
[2022-06-10 14:41:52Z INFO HostContext] Well known directory 'Bin': 'C:\WS\gitlab\basic-angular\actions-runner\bin'
[2022-06-10 14:41:52Z INFO HostContext] Well known directory 'Root': 'C:\WS\gitlab\basic-angular\actions-runner'
[2022-06-10 14:41:52Z INFO Listener] Validating directory permissions for: 'C:\WS\gitlab\basic-angular\actions-runner'
[2022-06-10 14:41:52Z INFO CommandLineParser] Parse
[2022-06-10 14:41:52Z INFO CommandLineParser] Parsing 5 args
[2022-06-10 14:41:52Z INFO CommandLineParser] parsing argument
[2022-06-10 14:41:52Z INFO CommandLineParser] HasArgs: False
[2022-06-10 14:41:52Z INFO CommandLineParser] Adding Command: configure
[2022-06-10 14:41:52Z INFO CommandLineParser] parsing argument
[2022-06-10 14:41:52Z INFO CommandLineParser] HasArgs: True
[2022-06-10 14:41:52Z INFO CommandLineParser] arg: url
[2022-06-10 14:41:52Z INFO CommandLineParser] parsing argument
[2022-06-10 14:41:52Z INFO CommandLineParser] HasArgs: True
[2022-06-10 14:41:52Z INFO CommandLineParser] Adding option 'url': 'https://github.com/yochi66865/basic-angular'
[2022-06-10 14:41:52Z INFO CommandLineParser] parsing argument
[2022-06-10 14:41:52Z INFO CommandLineParser] HasArgs: True
[2022-06-10 14:41:52Z INFO CommandLineParser] arg: token
[2022-06-10 14:41:52Z INFO CommandLineParser] parsing argument
[2022-06-10 14:41:52Z INFO CommandLineParser] HasArgs: True
[2022-06-10 14:41:52Z INFO CommandLineParser] Adding option 'token': '***'
[2022-06-10 14:41:52Z INFO Listener] Arguments parsed
[2022-06-10 14:41:52Z INFO Runner] ExecuteCommand
[2022-06-10 14:41:52Z INFO ConfigurationStore] currentAssemblyLocation: C:\WS\gitlab\basic-angular\actions-runner\bin\Runner.Listener.dll
[2022-06-10 14:41:52Z INFO HostContext] Well known directory 'Bin': 'C:\WS\gitlab\basic-angular\actions-runner\bin'
[2022-06-10 14:41:52Z INFO ConfigurationStore] binPath: C:\WS\gitlab\basic-angular\actions-runner\bin
[2022-06-10 14:41:52Z INFO HostContext] Well known directory 'Bin': 'C:\WS\gitlab\basic-angular\actions-runner\bin'
[2022-06-10 14:41:52Z INFO HostContext] Well known directory 'Root': 'C:\WS\gitlab\basic-angular\actions-runner'
[2022-06-10 14:41:52Z INFO ConfigurationStore] RootFolder: C:\WS\gitlab\basic-angular\actions-runner
[2022-06-10 14:41:52Z INFO HostContext] Well known directory 'Bin': 'C:\WS\gitlab\basic-angular\actions-runner\bin'
[2022-06-10 14:41:52Z INFO HostContext] Well known directory 'Root': 'C:\WS\gitlab\basic-angular\actions-runner'
[2022-06-10 14:41:52Z INFO HostContext] Well known config file 'Runner': 'C:\WS\gitlab\basic-angular\actions-runner\.runner'
[2022-06-10 14:41:52Z INFO ConfigurationStore] ConfigFilePath: C:\WS\gitlab\basic-angular\actions-runner\.runner
[2022-06-10 14:41:52Z INFO HostContext] Well known directory 'Bin': 'C:\WS\gitlab\basic-angular\actions-runner\bin'
[2022-06-10 14:41:52Z INFO HostContext] Well known directory 'Root': 'C:\WS\gitlab\basic-angular\actions-runner'
[2022-06-10 14:41:52Z INFO HostContext] Well known config file 'Credentials': 'C:\WS\gitlab\basic-angular\actions-runner\.credentials'
[2022-06-10 14:41:52Z INFO ConfigurationStore] CredFilePath: C:\WS\gitlab\basic-angular\actions-runner\.credentials
[2022-06-10 14:41:52Z INFO HostContext] Well known directory 'Bin': 'C:\WS\gitlab\basic-angular\actions-runner\bin'
[2022-06-10 14:41:52Z INFO HostContext] Well known directory 'Root': 'C:\WS\gitlab\basic-angular\actions-runner'
[2022-06-10 14:41:52Z INFO HostContext] Well known config file 'MigratedCredentials': 'C:\WS\gitlab\basic-angular\actions-runner\.credentials_migrated'
[2022-06-10 14:41:52Z INFO ConfigurationStore] MigratedCredFilePath: C:\WS\gitlab\basic-angular\actions-runner\.credentials_migrated
[2022-06-10 14:41:52Z INFO HostContext] Well known directory 'Bin': 'C:\WS\gitlab\basic-angular\actions-runner\bin'
[2022-06-10 14:41:52Z INFO HostContext] Well known directory 'Root': 'C:\WS\gitlab\basic-angular\actions-runner'
[2022-06-10 14:41:52Z INFO HostContext] Well known config file 'Service': 'C:\WS\gitlab\basic-angular\actions-runner\.service'
[2022-06-10 14:41:52Z INFO ConfigurationStore] ServiceConfigFilePath: C:\WS\gitlab\basic-angular\actions-runner\.service
[2022-06-10 14:41:52Z INFO CommandSettings] Flag 'help': 'False'
[2022-06-10 14:41:52Z INFO CommandSettings] Flag 'version': 'False'
[2022-06-10 14:41:52Z INFO CommandSettings] Flag 'commit': 'False'
[2022-06-10 14:41:52Z INFO CommandSettings] Flag 'check': 'False'
[2022-06-10 14:41:52Z INFO CommandSettings] Command 'configure': 'True'
[2022-06-10 14:41:52Z INFO Terminal] WRITE LINE: 
[2022-06-10 14:41:52Z INFO Terminal] WRITE LINE: --------------------------------------------------------------------------------
[2022-06-10 14:41:52Z INFO Terminal] WRITE LINE: |        ____ _ _   _   _       _          _        _   _                      |
[2022-06-10 14:41:52Z INFO Terminal] WRITE LINE: |       / ___(_) |_| | | |_   _| |__      / \   ___| |_(_) ___  _ __  ___      |
[2022-06-10 14:41:52Z INFO Terminal] WRITE LINE: |      | |  _| | __| |_| | | | | '_ \    / _ \ / __| __| |/ _ \| '_ \/ __|     |
[2022-06-10 14:41:52Z INFO Terminal] WRITE LINE: |      | |_| | | |_|  _  | |_| | |_) |  / ___ \ (__| |_| | (_) | | | \__ \     |
[2022-06-10 14:41:52Z INFO Terminal] WRITE LINE: |       \____|_|\__|_| |_|\__,_|_.__/  /_/   \_\___|\__|_|\___/|_| |_|___/     |
[2022-06-10 14:41:52Z INFO Terminal] WRITE LINE: |                                                                              |
[2022-06-10 14:41:52Z INFO Terminal] WRITE: |                       
[2022-06-10 14:41:52Z INFO Terminal] WRITE: Self-hosted runner registration
[2022-06-10 14:41:52Z INFO Terminal] WRITE LINE:                         |
[2022-06-10 14:41:52Z INFO Terminal] WRITE LINE: |                                                                              |
[2022-06-10 14:41:52Z INFO Terminal] WRITE LINE: --------------------------------------------------------------------------------
[2022-06-10 14:41:52Z INFO ConfigurationManager] ConfigureAsync
[2022-06-10 14:41:52Z INFO ConfigurationStore] IsConfigured()
[2022-06-10 14:41:52Z INFO ConfigurationStore] IsConfigured: False
[2022-06-10 14:41:52Z INFO ConfigurationManager] Is configured: False
[2022-06-10 14:41:52Z INFO CommandSettings] Arg 'url': 'https://github.com/yochi66865/basic-angular'
[2022-06-10 14:41:52Z INFO CommandSettings] Remove url from Arg dictionary.
[2022-06-10 14:41:52Z INFO CommandSettings] Arg 'token': '***'
[2022-06-10 14:41:52Z INFO CommandSettings] Remove token from Arg dictionary.
[2022-06-10 14:41:53Z INFO ConfigurationManager] Http response code: OK from 'POST https://api.github.com/actions/runner-registration'
[2022-06-10 14:41:53Z INFO ConfigurationManager] cred retrieved via GitHub auth
[2022-06-10 14:41:53Z INFO RunnerServer] Establish connection with 100 seconds timeout.
[2022-06-10 14:41:53Z INFO GitHubActionsService] Starting operation Location.GetConnectionData
[2022-06-10 14:41:53Z INFO RunnerServer] Establish connection with 60 seconds timeout.
[2022-06-10 14:41:53Z INFO GitHubActionsService] Starting operation Location.GetConnectionData
[2022-06-10 14:41:53Z INFO RunnerServer] Establish connection with 60 seconds timeout.
[2022-06-10 14:41:53Z INFO GitHubActionsService] Starting operation Location.GetConnectionData
[2022-06-10 14:41:54Z INFO GitHubActionsService] Finished operation Location.GetConnectionData
[2022-06-10 14:41:54Z INFO GitHubActionsService] Finished operation Location.GetConnectionData
[2022-06-10 14:41:54Z INFO GitHubActionsService] Finished operation Location.GetConnectionData
[2022-06-10 14:41:54Z INFO Terminal] WRITE LINE: 
[2022-06-10 14:41:54Z INFO ConfigurationManager] Test Connection complete.
[2022-06-10 14:41:54Z INFO HostContext] Well known directory 'Bin': 'C:\WS\gitlab\basic-angular\actions-runner\bin'
[2022-06-10 14:41:54Z INFO HostContext] Well known directory 'Root': 'C:\WS\gitlab\basic-angular\actions-runner'
[2022-06-10 14:41:54Z INFO HostContext] Well known config file 'RSACredentials': 'C:\WS\gitlab\basic-angular\actions-runner\.credentials_rsaparams'
[2022-06-10 14:41:54Z INFO RSAEncryptedFileKeyManager] Found existing RSA key parameters file C:\WS\gitlab\basic-angular\actions-runner\.credentials_rsaparams
[2022-06-10 14:41:55Z INFO CommandSettings] Arg 'runnergroup': ''
[2022-06-10 14:41:55Z INFO CommandSettings] Flag 'unattended': 'False'
[2022-06-10 14:41:55Z INFO PromptManager] ReadValue
[2022-06-10 14:41:55Z INFO Terminal] WRITE: Enter the name of the runner group to add this runner to: 
[2022-06-10 14:41:55Z INFO Terminal] WRITE: [press Enter for Default] 
[2022-06-10 14:41:55Z INFO Terminal] READ LINE
[2022-06-10 14:41:55Z INFO Terminal] Read value: ''
[2022-06-10 14:41:55Z INFO PromptManager] Falling back to the default: 'Default'
[2022-06-10 14:41:55Z INFO Terminal] WRITE LINE: 
[2022-06-10 14:41:55Z INFO ConfigurationManager] Found a self-hosted runner group with id 1 and name Default
[2022-06-10 14:41:55Z INFO CommandSettings] Flag 'disableupdate': 'False'
[2022-06-10 14:41:55Z INFO CommandSettings] Flag 'ephemeral': 'False'
[2022-06-10 14:41:55Z INFO CommandSettings] Arg 'name': ''
[2022-06-10 14:41:55Z INFO CommandSettings] Flag 'unattended': 'False'
[2022-06-10 14:41:55Z INFO PromptManager] ReadValue
[2022-06-10 14:41:55Z INFO Terminal] WRITE: Enter the name of runner: 
[2022-06-10 14:41:55Z INFO Terminal] WRITE: [press Enter for DESKTOP-LNREFR8] 
[2022-06-10 14:41:55Z INFO Terminal] READ LINE
[2022-06-10 14:42:42Z INFO Terminal] Read value: 'angular-runner'
[2022-06-10 14:42:42Z INFO Terminal] WRITE LINE: 
[2022-06-10 14:42:42Z INFO CommandSettings] Arg 'labels': ''
[2022-06-10 14:42:42Z INFO CommandSettings] Flag 'unattended': 'False'
[2022-06-10 14:42:42Z INFO PromptManager] ReadValue
[2022-06-10 14:42:42Z INFO Terminal] WRITE: This runner will have the following labels: 'self-hosted', 'Windows', 'X64' 
Enter any additional labels (ex. label-1,label-2): 
[2022-06-10 14:42:42Z INFO Terminal] WRITE: [press Enter to skip] 
[2022-06-10 14:42:42Z INFO Terminal] READ LINE
[2022-06-10 14:42:44Z INFO Terminal] Read value: ''
[2022-06-10 14:42:44Z INFO Terminal] WRITE LINE: 
[2022-06-10 14:42:44Z INFO CommandSettings] Flag 'disableupdate': 'False'
[2022-06-10 14:42:45Z INFO CommandSettings] Flag 'disableupdate': 'False'
[2022-06-10 14:42:45Z INFO CommandSettings] Flag 'ephemeral': 'False'
[2022-06-10 14:42:45Z INFO ConfigurationStore] Saving OAuth credential @ C:\WS\gitlab\basic-angular\actions-runner\.credentials
[2022-06-10 14:42:45Z INFO ConfigurationStore] Credentials Saved.
[2022-06-10 14:42:45Z INFO ConfigurationStore] HasCredentials()
[2022-06-10 14:42:45Z INFO ConfigurationStore] stored True
[2022-06-10 14:42:45Z INFO CredentialManager] GetCredentialProvider
[2022-06-10 14:42:45Z INFO CredentialManager] Creating type OAuth
[2022-06-10 14:42:45Z INFO CredentialManager] Creating credential type: OAuth
[2022-06-10 14:42:45Z INFO RSAEncryptedFileKeyManager] Loading RSA key parameters from file C:\WS\gitlab\basic-angular\actions-runner\.credentials_rsaparams
[2022-06-10 14:42:45Z INFO RunnerServer] Establish connection with 100 seconds timeout.
[2022-06-10 14:42:45Z INFO GitHubActionsService] Starting operation Location.GetConnectionData
[2022-06-10 14:42:45Z INFO RunnerServer] Establish connection with 60 seconds timeout.
[2022-06-10 14:42:45Z INFO GitHubActionsService] Starting operation Location.GetConnectionData
[2022-06-10 14:42:45Z INFO RunnerServer] Establish connection with 60 seconds timeout.
[2022-06-10 14:42:45Z INFO GitHubActionsService] Starting operation Location.GetConnectionData
[2022-06-10 14:42:46Z INFO GitHubActionsService] Finished operation Location.GetConnectionData
[2022-06-10 14:42:46Z INFO GitHubActionsService] Finished operation Location.GetConnectionData
[2022-06-10 14:42:46Z INFO GitHubActionsService] Finished operation Location.GetConnectionData
[2022-06-10 14:42:46Z WARN GitHubActionsService] Authentication failed with status code 401.
Transfer-Encoding: chunked
WWW-Authenticate: Bearer
Strict-Transport-Security: max-age=2592000
X-TFS-ProcessId: 07655760-0234-46d3-b94a-8bdb133124ec
ActivityId: dedc867e-d9c1-4d96-96ef-b17ce23bd4c3
X-TFS-Session: 339da7a2-8e19-4a28-a060-32f535dc752a
X-VSS-E2EID: 4de68690-4be9-4b80-ae1d-7a221b7b96c2
X-VSS-SenderDeploymentId: fc1cfc90-fc40-edcb-6d0f-3b1380ee7b68
X-TFS-ServiceError: The+user+%27System%3aPublicAccess%3baaaaaaaa-aaaa-aaaa-aaaa-aaaaaaaaaaaa%27+is+not+authorized+to+access+this+resource.
X-VSS-S2STargetService: 0000005A-0000-8888-8000-000000000000/visualstudio.com
X-Cache: CONFIG_NOCACHE
X-MSEdge-Ref: Ref A: A25D1A08EF654312B31DF5DD28DD38F8 Ref B: TLV30EDGE0108 Ref C: 2022-06-10T14:42:46Z
Date: Fri, 10 Jun 2022 14:42:46 GMT

[2022-06-10 14:42:46Z INFO RSAEncryptedFileKeyManager] Loading RSA key parameters from file C:\WS\gitlab\basic-angular\actions-runner\.credentials_rsaparams
[2022-06-10 14:42:46Z INFO RSAEncryptedFileKeyManager] Loading RSA key parameters from file C:\WS\gitlab\basic-angular\actions-runner\.credentials_rsaparams
[2022-06-10 14:42:47Z INFO GitHubActionsService] AAD Correlation ID for this token request: Unknown
[2022-06-10 14:42:47Z INFO CommandSettings] Arg 'work': ''
[2022-06-10 14:42:47Z INFO CommandSettings] Flag 'unattended': 'False'
[2022-06-10 14:42:47Z INFO PromptManager] ReadValue
[2022-06-10 14:42:47Z INFO Terminal] WRITE: Enter name of work folder: 
[2022-06-10 14:42:47Z INFO Terminal] WRITE: [press Enter for _work] 
[2022-06-10 14:42:47Z INFO Terminal] READ LINE
[2022-06-10 14:42:59Z INFO Terminal] Read value: ''
[2022-06-10 14:42:59Z INFO PromptManager] Falling back to the default: '_work'
[2022-06-10 14:42:59Z INFO ConfigurationStore] Saving runner settings.
[2022-06-10 14:42:59Z INFO ConfigurationStore] Settings Saved.
[2022-06-10 14:42:59Z INFO Terminal] WRITE LINE: 
[2022-06-10 14:42:59Z INFO Terminal] WRITE LINE: 
[2022-06-10 14:42:59Z INFO CommandSettings] Flag 'runasservice': 'False'
[2022-06-10 14:42:59Z INFO CommandSettings] Flag 'unattended': 'False'
[2022-06-10 14:42:59Z INFO PromptManager] ReadValue
[2022-06-10 14:42:59Z INFO Terminal] WRITE: Would you like to run the runner as service? (Y/N) 
[2022-06-10 14:42:59Z INFO Terminal] WRITE: [press Enter for N] 
[2022-06-10 14:42:59Z INFO Terminal] READ LINE
[2022-06-10 14:43:04Z INFO Terminal] Read value: ''
[2022-06-10 14:43:04Z INFO PromptManager] Falling back to the default: 'N'
[2022-06-10 14:43:04Z INFO Listener] Runner execution has finished with return code 0
